2017-07-29 04:53:23 - There are 4 files in /var/www/html/phoe721.com/project/videojs/img/
2017-07-29 04:53:23 - Found /var/www/html/phoe721.com/project/videojs/img/597c4ca5d8bd1.jpg
2017-07-29 04:53:23 - Removed /var/www/html/phoe721.com/project/videojs/img/597c4ca5d8bd1.jpg
2017-07-29 04:53:23 - Found /var/www/html/phoe721.com/project/videojs/img/597c4ca6bb8b8.jpg
2017-07-29 04:53:23 - Removed /var/www/html/phoe721.com/project/videojs/img/597c4ca6bb8b8.jpg
2017-07-29 04:53:23 - Found /var/www/html/phoe721.com/project/videojs/img/597c4ca77658f.jpg
2017-07-29 04:53:23 - Removed /var/www/html/phoe721.com/project/videojs/img/597c4ca77658f.jpg
2017-07-29 04:53:23 - Found /var/www/html/phoe721.com/project/videojs/img/597c4ca861b12.jpg
2017-07-29 04:53:23 - Removed /var/www/html/phoe721.com/project/videojs/img/597c4ca861b12.jpg
2017-07-29 04:53:23 - There are 0 files in /var/www/html/phoe721.com/project/videojs/img/
2017-07-29 04:53:24 - Created screenshot img/597c4d0321ee6.jpg
2017-07-29 04:53:25 - Created screenshot img/597c4d0486537.jpg
2017-07-29 04:53:26 - Created screenshot img/597c4d0554c35.jpg
2017-07-29 04:53:27 - Created screenshot img/597c4d065f388.jpg
2017-07-29 06:18:17 - There are 4 files in /var/www/html/phoe721.com/project/videojs/img/
2017-07-29 06:18:17 - Found /var/www/html/phoe721.com/project/videojs/img/597c4d0321ee6.jpg
2017-07-29 06:18:17 - Removed /var/www/html/phoe721.com/project/videojs/img/597c4d0321ee6.jpg
2017-07-29 06:18:17 - Found /var/www/html/phoe721.com/project/videojs/img/597c4d0486537.jpg
2017-07-29 06:18:17 - Removed /var/www/html/phoe721.com/project/videojs/img/597c4d0486537.jpg
2017-07-29 06:18:17 - Found /var/www/html/phoe721.com/project/videojs/img/597c4d0554c35.jpg
2017-07-29 06:18:17 - Removed /var/www/html/phoe721.com/project/videojs/img/597c4d0554c35.jpg
2017-07-29 06:18:17 - Found /var/www/html/phoe721.com/project/videojs/img/597c4d065f388.jpg
2017-07-29 06:18:17 - Removed /var/www/html/phoe721.com/project/videojs/img/597c4d065f388.jpg
2017-07-29 06:18:17 - There are 0 files in /var/www/html/phoe721.com/project/videojs/img/
2017-07-29 06:18:19 - Created screenshot img/597c60e90d9aa.jpg
2017-07-29 06:18:20 - Created screenshot img/597c60ebd748b.jpg
2017-07-29 06:18:21 - Created screenshot img/597c60ec683ef.jpg
2017-07-29 06:18:22 - Created screenshot img/597c60ede84b1.jpg
2017-07-29 06:42:23 - There are 4 files in /var/www/html/phoe721.com/project/videojs/img/
2017-07-29 06:42:23 - Found /var/www/html/phoe721.com/project/videojs/img/597c60e90d9aa.jpg
2017-07-29 06:42:23 - Removed /var/www/html/phoe721.com/project/videojs/img/597c60e90d9aa.jpg
2017-07-29 06:42:23 - Found /var/www/html/phoe721.com/project/videojs/img/597c60ebd748b.jpg
2017-07-29 06:42:23 - Removed /var/www/html/phoe721.com/project/videojs/img/597c60ebd748b.jpg
2017-07-29 06:42:23 - Found /var/www/html/phoe721.com/project/videojs/img/597c60ec683ef.jpg
2017-07-29 06:42:23 - Removed /var/www/html/phoe721.com/project/videojs/img/597c60ec683ef.jpg
2017-07-29 06:42:23 - Found /var/www/html/phoe721.com/project/videojs/img/597c60ede84b1.jpg
2017-07-29 06:42:23 - Removed /var/www/html/phoe721.com/project/videojs/img/597c60ede84b1.jpg
2017-07-29 06:42:23 - There are 0 files in /var/www/html/phoe721.com/project/videojs/img/
2017-07-29 06:42:25 - Created screenshot img/597c668f95346.jpg
2017-07-29 06:42:26 - Created screenshot img/597c6691d504f.jpg
2017-07-29 06:42:27 - Created screenshot img/597c66927b0c3.jpg
2017-07-29 06:42:28 - Created screenshot img/597c6693c278f.jpg
2017-07-29 06:43:19 - There are 4 files in /var/www/html/phoe721.com/project/videojs/img/
2017-07-29 06:43:19 - Found /var/www/html/phoe721.com/project/videojs/img/597c668f95346.jpg
2017-07-29 06:43:19 - Removed /var/www/html/phoe721.com/project/videojs/img/597c668f95346.jpg
2017-07-29 06:43:19 - Found /var/www/html/phoe721.com/project/videojs/img/597c6691d504f.jpg
2017-07-29 06:43:19 - Removed /var/www/html/phoe721.com/project/videojs/img/597c6691d504f.jpg
2017-07-29 06:43:19 - Found /var/www/html/phoe721.com/project/videojs/img/597c66927b0c3.jpg
2017-07-29 06:43:19 - Removed /var/www/html/phoe721.com/project/videojs/img/597c66927b0c3.jpg
2017-07-29 06:43:19 - Found /var/www/html/phoe721.com/project/videojs/img/597c6693c278f.jpg
2017-07-29 06:43:19 - Removed /var/www/html/phoe721.com/project/videojs/img/597c6693c278f.jpg
2017-07-29 06:43:19 - There are 0 files in /var/www/html/phoe721.com/project/videojs/img/
2017-07-29 06:43:19 - Created screenshot img/597c66c799791.jpg
2017-07-29 06:43:20 - Created screenshot img/597c66c7f12ca.jpg
2017-07-29 06:43:21 - Created screenshot img/597c66c896f75.jpg
2017-07-29 06:43:21 - Created screenshot img/597c66c920ae3.jpg
2017-07-29 06:43:39 - There are 4 files in /var/www/html/phoe721.com/project/videojs/img/
2017-07-29 06:43:39 - Found /var/www/html/phoe721.com/project/videojs/img/597c66c799791.jpg
2017-07-29 06:43:39 - Removed /var/www/html/phoe721.com/project/videojs/img/597c66c799791.jpg
2017-07-29 06:43:39 - Found /var/www/html/phoe721.com/project/videojs/img/597c66c7f12ca.jpg
2017-07-29 06:43:39 - Removed /var/www/html/phoe721.com/project/videojs/img/597c66c7f12ca.jpg
2017-07-29 06:43:39 - Found /var/www/html/phoe721.com/project/videojs/img/597c66c896f75.jpg
2017-07-29 06:43:39 - Removed /var/www/html/phoe721.com/project/videojs/img/597c66c896f75.jpg
2017-07-29 06:43:39 - Found /var/www/html/phoe721.com/project/videojs/img/597c66c920ae3.jpg
2017-07-29 06:43:39 - Removed /var/www/html/phoe721.com/project/videojs/img/597c66c920ae3.jpg
2017-07-29 06:43:39 - There are 0 files in /var/www/html/phoe721.com/project/videojs/img/
2017-07-29 06:43:40 - Created screenshot img/597c66dba9a9e.jpg
2017-07-29 06:43:40 - Created screenshot img/597c66dc91a27.jpg
2017-07-29 06:43:41 - Created screenshot img/597c66dcdbaef.jpg
2017-07-29 06:43:41 - Created screenshot img/597c66dd31a63.jpg
2017-07-29 06:43:51 - There are 4 files in /var/www/html/phoe721.com/project/videojs/img/
2017-07-29 06:43:51 - Found /var/www/html/phoe721.com/project/videojs/img/597c66dba9a9e.jpg
2017-07-29 06:43:51 - Removed /var/www/html/phoe721.com/project/videojs/img/597c66dba9a9e.jpg
2017-07-29 06:43:51 - Found /var/www/html/phoe721.com/project/videojs/img/597c66dc91a27.jpg
2017-07-29 06:43:51 - Removed /var/www/html/phoe721.com/project/videojs/img/597c66dc91a27.jpg
2017-07-29 06:43:51 - Found /var/www/html/phoe721.com/project/videojs/img/597c66dcdbaef.jpg
2017-07-29 06:43:51 - Removed /var/www/html/phoe721.com/project/videojs/img/597c66dcdbaef.jpg
2017-07-29 06:43:51 - Found /var/www/html/phoe721.com/project/videojs/img/597c66dd31a63.jpg
2017-07-29 06:43:51 - Removed /var/www/html/phoe721.com/project/videojs/img/597c66dd31a63.jpg
2017-07-29 06:43:51 - There are 0 files in /var/www/html/phoe721.com/project/videojs/img/
2017-07-29 06:43:52 - Created screenshot img/597c66e70a2c4.jpg
2017-07-29 06:43:52 - Created screenshot img/597c66e853c8f.jpg
2017-07-29 06:43:53 - Created screenshot img/597c66e8be5ef.jpg
2017-07-29 06:43:54 - Created screenshot img/597c66e92b76b.jpg
2017-07-29 06:49:19 - There are 4 files in /var/www/html/phoe721.com/project/videojs/img/
2017-07-29 06:49:19 - Found /var/www/html/phoe721.com/project/videojs/img/597c66e70a2c4.jpg
2017-07-29 06:49:19 - Removed /var/www/html/phoe721.com/project/videojs/img/597c66e70a2c4.jpg
2017-07-29 06:49:19 - Found /var/www/html/phoe721.com/project/videojs/img/597c66e853c8f.jpg
2017-07-29 06:49:19 - Removed /var/www/html/phoe721.com/project/videojs/img/597c66e853c8f.jpg
2017-07-29 06:49:19 - Found /var/www/html/phoe721.com/project/videojs/img/597c66e8be5ef.jpg
2017-07-29 06:49:19 - Removed /var/www/html/phoe721.com/project/videojs/img/597c66e8be5ef.jpg
2017-07-29 06:49:19 - Found /var/www/html/phoe721.com/project/videojs/img/597c66e92b76b.jpg
2017-07-29 06:49:19 - Removed /var/www/html/phoe721.com/project/videojs/img/597c66e92b76b.jpg
2017-07-29 06:49:19 - There are 0 files in /var/www/html/phoe721.com/project/videojs/img/
2017-07-29 06:49:20 - Created screenshot img/597c682f7c234.jpg
2017-07-29 06:49:20 - Created screenshot img/597c68304ee80.jpg
2017-07-29 06:49:21 - Created screenshot img/597c6830ef028.jpg
2017-07-29 06:49:22 - Created screenshot img/597c6831e1dc7.jpg
2017-07-29 06:49:25 - There are 4 files in /var/www/html/phoe721.com/project/videojs/img/
2017-07-29 06:49:25 - Found /var/www/html/phoe721.com/project/videojs/img/597c682f7c234.jpg
2017-07-29 06:49:25 - Removed /var/www/html/phoe721.com/project/videojs/img/597c682f7c234.jpg
2017-07-29 06:49:25 - Found /var/www/html/phoe721.com/project/videojs/img/597c68304ee80.jpg
2017-07-29 06:49:25 - Removed /var/www/html/phoe721.com/project/videojs/img/597c68304ee80.jpg
2017-07-29 06:49:25 - Found /var/www/html/phoe721.com/project/videojs/img/597c6830ef028.jpg
2017-07-29 06:49:25 - Removed /var/www/html/phoe721.com/project/videojs/img/597c6830ef028.jpg
2017-07-29 06:49:25 - Found /var/www/html/phoe721.com/project/videojs/img/597c6831e1dc7.jpg
2017-07-29 06:49:25 - Removed /var/www/html/phoe721.com/project/videojs/img/597c6831e1dc7.jpg
2017-07-29 06:49:25 - There are 0 files in /var/www/html/phoe721.com/project/videojs/img/
2017-07-29 06:49:26 - Created screenshot img/597c68356ffd1.jpg
2017-07-29 06:49:27 - Created screenshot img/597c6836ae9c5.jpg
2017-07-29 06:49:27 - Created screenshot img/597c68373d8d7.jpg
2017-07-29 06:49:28 - Created screenshot img/597c6837f3193.jpg
2017-07-29 06:49:31 - There are 4 files in /var/www/html/phoe721.com/project/videojs/img/
2017-07-29 06:49:31 - Found /var/www/html/phoe721.com/project/videojs/img/597c68356ffd1.jpg
2017-07-29 06:49:31 - Removed /var/www/html/phoe721.com/project/videojs/img/597c68356ffd1.jpg
2017-07-29 06:49:31 - Found /var/www/html/phoe721.com/project/videojs/img/597c6836ae9c5.jpg
2017-07-29 06:49:31 - Removed /var/www/html/phoe721.com/project/videojs/img/597c6836ae9c5.jpg
2017-07-29 06:49:31 - Found /var/www/html/phoe721.com/project/videojs/img/597c68373d8d7.jpg
2017-07-29 06:49:31 - Removed /var/www/html/phoe721.com/project/videojs/img/597c68373d8d7.jpg
2017-07-29 06:49:31 - Found /var/www/html/phoe721.com/project/videojs/img/597c6837f3193.jpg
2017-07-29 06:49:31 - Removed /var/www/html/phoe721.com/project/videojs/img/597c6837f3193.jpg
2017-07-29 06:49:31 - There are 0 files in /var/www/html/phoe721.com/project/videojs/img/
2017-07-29 06:49:32 - Created screenshot img/597c683bc19b5.jpg
2017-07-29 06:49:32 - Created screenshot img/597c683c69b14.jpg
2017-07-29 06:49:33 - Created screenshot img/597c683ca43c6.jpg
2017-07-29 06:49:34 - Created screenshot img/597c683d469da.jpg
2017-07-30 12:59:57 - There are 4 files in /var/www/html/phoe721.com/project/videojs/img/
2017-07-30 12:59:57 - Found /var/www/html/phoe721.com/project/videojs/img/597c683bc19b5.jpg
2017-07-30 12:59:58 - Removed /var/www/html/phoe721.com/project/videojs/img/597c683bc19b5.jpg
2017-07-30 12:59:58 - Found /var/www/html/phoe721.com/project/videojs/img/597c683c69b14.jpg
2017-07-30 12:59:58 - Removed /var/www/html/phoe721.com/project/videojs/img/597c683c69b14.jpg
2017-07-30 12:59:58 - Found /var/www/html/phoe721.com/project/videojs/img/597c683ca43c6.jpg
2017-07-30 12:59:58 - Removed /var/www/html/phoe721.com/project/videojs/img/597c683ca43c6.jpg
2017-07-30 12:59:58 - Found /var/www/html/phoe721.com/project/videojs/img/597c683d469da.jpg
2017-07-30 12:59:58 - Removed /var/www/html/phoe721.com/project/videojs/img/597c683d469da.jpg
2017-07-30 12:59:58 - There are 0 files in /var/www/html/phoe721.com/project/videojs/img/
2017-07-30 01:00:06 - Created screenshot img/597d67cebd109.jpg
2017-07-30 01:00:08 - Created screenshot img/597d67d6ebe67.jpg
2017-07-30 01:00:08 - Created screenshot img/597d67d83f9de.jpg
2017-07-30 01:00:11 - Created screenshot img/597d67d8f2341.jpg
2017-07-30 01:42:49 - There are 4 files in /var/www/html/phoe721.com/project/videojs/img/
2017-07-30 01:42:49 - Found /var/www/html/phoe721.com/project/videojs/img/597d67cebd109.jpg
2017-07-30 01:42:49 - Removed /var/www/html/phoe721.com/project/videojs/img/597d67cebd109.jpg
2017-07-30 01:42:49 - Found /var/www/html/phoe721.com/project/videojs/img/597d67d6ebe67.jpg
2017-07-30 01:42:49 - Removed /var/www/html/phoe721.com/project/videojs/img/597d67d6ebe67.jpg
2017-07-30 01:42:49 - Found /var/www/html/phoe721.com/project/videojs/img/597d67d83f9de.jpg
2017-07-30 01:42:49 - Removed /var/www/html/phoe721.com/project/videojs/img/597d67d83f9de.jpg
2017-07-30 01:42:49 - Found /var/www/html/phoe721.com/project/videojs/img/597d67d8f2341.jpg
2017-07-30 01:42:49 - Removed /var/www/html/phoe721.com/project/videojs/img/597d67d8f2341.jpg
2017-07-30 01:42:49 - There are 0 files in /var/www/html/phoe721.com/project/videojs/img/
2017-07-30 01:42:50 - Created screenshot img/597d71d996591.jpg
2017-07-30 01:42:50 - Created screenshot img/597d71da21d29.jpg
2017-07-30 01:42:50 - Created screenshot img/597d71da5c579.jpg
2017-07-30 01:42:50 - Created screenshot img/597d71daa5e2d.jpg
2017-07-30 01:44:24 - There are 4 files in /var/www/html/phoe721.com/project/videojs/img/
2017-07-30 01:44:24 - Found /var/www/html/phoe721.com/project/videojs/img/597d71d996591.jpg
2017-07-30 01:44:24 - Removed /var/www/html/phoe721.com/project/videojs/img/597d71d996591.jpg
2017-07-30 01:44:24 - Found /var/www/html/phoe721.com/project/videojs/img/597d71da21d29.jpg
2017-07-30 01:44:24 - Removed /var/www/html/phoe721.com/project/videojs/img/597d71da21d29.jpg
2017-07-30 01:44:24 - Found /var/www/html/phoe721.com/project/videojs/img/597d71da5c579.jpg
2017-07-30 01:44:24 - Removed /var/www/html/phoe721.com/project/videojs/img/597d71da5c579.jpg
2017-07-30 01:44:24 - Found /var/www/html/phoe721.com/project/videojs/img/597d71daa5e2d.jpg
2017-07-30 01:44:24 - Removed /var/www/html/phoe721.com/project/videojs/img/597d71daa5e2d.jpg
2017-07-30 01:44:24 - There are 0 files in /var/www/html/phoe721.com/project/videojs/img/
2017-07-30 01:44:25 - Created screenshot img/597d72383703e.jpg
2017-07-30 01:44:26 - Created screenshot img/597d723954a5b.jpg
2017-07-30 01:44:27 - Created screenshot img/597d723a3e4e7.jpg
2017-07-30 01:44:27 - Created screenshot img/597d723b0f6a3.jpg
2017-07-30 01:48:47 - There are 4 files in /var/www/html/phoe721.com/project/videojs/img/
2017-07-30 01:48:47 - Found /var/www/html/phoe721.com/project/videojs/img/597d72383703e.jpg
2017-07-30 01:48:47 - Removed /var/www/html/phoe721.com/project/videojs/img/597d72383703e.jpg
2017-07-30 01:48:47 - Found /var/www/html/phoe721.com/project/videojs/img/597d723954a5b.jpg
2017-07-30 01:48:47 - Removed /var/www/html/phoe721.com/project/videojs/img/597d723954a5b.jpg
2017-07-30 01:48:47 - Found /var/www/html/phoe721.com/project/videojs/img/597d723a3e4e7.jpg
2017-07-30 01:48:47 - Removed /var/www/html/phoe721.com/project/videojs/img/597d723a3e4e7.jpg
2017-07-30 01:48:47 - Found /var/www/html/phoe721.com/project/videojs/img/597d723b0f6a3.jpg
2017-07-30 01:48:47 - Removed /var/www/html/phoe721.com/project/videojs/img/597d723b0f6a3.jpg
2017-07-30 01:48:47 - There are 0 files in /var/www/html/phoe721.com/project/videojs/img/
2017-07-30 01:48:47 - Created screenshot img/597d733f2d7e9.jpg
2017-07-30 01:48:48 - Created screenshot img/597d733fa70da.jpg
2017-07-30 01:48:49 - Created screenshot img/597d7340c6a10.jpg
2017-07-30 01:48:50 - Created screenshot img/597d7341d6762.jpg
2017-07-30 01:51:35 - There are 4 files in /var/www/html/phoe721.com/project/videojs/img/
2017-07-30 01:51:35 - Found /var/www/html/phoe721.com/project/videojs/img/597d733f2d7e9.jpg
2017-07-30 01:51:35 - Removed /var/www/html/phoe721.com/project/videojs/img/597d733f2d7e9.jpg
2017-07-30 01:51:35 - Found /var/www/html/phoe721.com/project/videojs/img/597d733fa70da.jpg
2017-07-30 01:51:35 - Removed /var/www/html/phoe721.com/project/videojs/img/597d733fa70da.jpg
2017-07-30 01:51:35 - Found /var/www/html/phoe721.com/project/videojs/img/597d7340c6a10.jpg
2017-07-30 01:51:35 - Removed /var/www/html/phoe721.com/project/videojs/img/597d7340c6a10.jpg
2017-07-30 01:51:35 - Found /var/www/html/phoe721.com/project/videojs/img/597d7341d6762.jpg
2017-07-30 01:51:35 - Removed /var/www/html/phoe721.com/project/videojs/img/597d7341d6762.jpg
2017-07-30 01:51:35 - There are 0 files in /var/www/html/phoe721.com/project/videojs/img/
2017-07-30 01:51:36 - Created screenshot img/597d73e7938b6.jpg
2017-07-30 01:51:36 - Created screenshot img/597d73e82f036.jpg
2017-07-30 01:51:36 - Created screenshot img/597d73e87a676.jpg
2017-07-30 01:51:37 - Created screenshot img/597d73e8e8997.jpg
2017-07-30 01:52:03 - There are 4 files in /var/www/html/phoe721.com/project/videojs/img/
2017-07-30 01:52:03 - Found /var/www/html/phoe721.com/project/videojs/img/597d73e7938b6.jpg
2017-07-30 01:52:03 - Removed /var/www/html/phoe721.com/project/videojs/img/597d73e7938b6.jpg
2017-07-30 01:52:03 - Found /var/www/html/phoe721.com/project/videojs/img/597d73e82f036.jpg
2017-07-30 01:52:03 - Removed /var/www/html/phoe721.com/project/videojs/img/597d73e82f036.jpg
2017-07-30 01:52:03 - Found /var/www/html/phoe721.com/project/videojs/img/597d73e87a676.jpg
2017-07-30 01:52:03 - Removed /var/www/html/phoe721.com/project/videojs/img/597d73e87a676.jpg
2017-07-30 01:52:03 - Found /var/www/html/phoe721.com/project/videojs/img/597d73e8e8997.jpg
2017-07-30 01:52:03 - Removed /var/www/html/phoe721.com/project/videojs/img/597d73e8e8997.jpg
2017-07-30 01:52:03 - There are 0 files in /var/www/html/phoe721.com/project/videojs/img/
2017-07-30 01:52:03 - Created screenshot img/597d74035bb6d.jpg
2017-07-30 01:52:04 - Created screenshot img/597d7403d06fa.jpg
2017-07-30 01:52:04 - Created screenshot img/597d74048f435.jpg
2017-07-30 01:52:05 - Created screenshot img/597d7404c4824.jpg
2017-07-30 01:54:02 - There are 4 files in /var/www/html/phoe721.com/project/videojs/img/
2017-07-30 01:54:02 - Found /var/www/html/phoe721.com/project/videojs/img/597d74035bb6d.jpg
2017-07-30 01:54:02 - Removed /var/www/html/phoe721.com/project/videojs/img/597d74035bb6d.jpg
2017-07-30 01:54:02 - Found /var/www/html/phoe721.com/project/videojs/img/597d7403d06fa.jpg
2017-07-30 01:54:02 - Removed /var/www/html/phoe721.com/project/videojs/img/597d7403d06fa.jpg
2017-07-30 01:54:02 - Found /var/www/html/phoe721.com/project/videojs/img/597d74048f435.jpg
2017-07-30 01:54:02 - Removed /var/www/html/phoe721.com/project/videojs/img/597d74048f435.jpg
2017-07-30 01:54:02 - Found /var/www/html/phoe721.com/project/videojs/img/597d7404c4824.jpg
2017-07-30 01:54:02 - Removed /var/www/html/phoe721.com/project/videojs/img/597d7404c4824.jpg
2017-07-30 01:54:02 - There are 0 files in /var/www/html/phoe721.com/project/videojs/img/
2017-07-30 01:54:04 - Created screenshot img/597d747ae6d5b.jpg
2017-07-30 01:54:05 - There are 1 files in /var/www/html/phoe721.com/project/videojs/img/
2017-07-30 01:54:05 - Found /var/www/html/phoe721.com/project/videojs/img/597d747ae6d5b.jpg
2017-07-30 01:54:05 - Removed /var/www/html/phoe721.com/project/videojs/img/597d747ae6d5b.jpg
2017-07-30 01:54:05 - There are 0 files in /var/www/html/phoe721.com/project/videojs/img/
2017-07-30 01:54:06 - Created screenshot img/597d747cf30d9.jpg
2017-07-30 01:54:07 - Created screenshot img/597d747e40377.jpg
2017-07-30 01:54:09 - Created screenshot img/597d747fb45d3.jpg
2017-07-30 01:54:09 - Created screenshot img/597d747dc5217.jpg
2017-07-30 01:54:10 - Created screenshot img/597d7481310ec.jpg
2017-07-30 01:54:10 - Created screenshot img/597d7482041e7.jpg
2017-07-30 01:54:10 - Created screenshot img/597d748252c54.jpg
2017-07-30 01:56:06 - There are 7 files in /var/www/html/phoe721.com/project/videojs/img/
2017-07-30 01:56:06 - Found /var/www/html/phoe721.com/project/videojs/img/597d747cf30d9.jpg
2017-07-30 01:56:06 - Removed /var/www/html/phoe721.com/project/videojs/img/597d747cf30d9.jpg
2017-07-30 01:56:06 - Found /var/www/html/phoe721.com/project/videojs/img/597d747dc5217.jpg
2017-07-30 01:56:06 - Removed /var/www/html/phoe721.com/project/videojs/img/597d747dc5217.jpg
2017-07-30 01:56:06 - Found /var/www/html/phoe721.com/project/videojs/img/597d747e40377.jpg
2017-07-30 01:56:06 - Removed /var/www/html/phoe721.com/project/videojs/img/597d747e40377.jpg
2017-07-30 01:56:06 - Found /var/www/html/phoe721.com/project/videojs/img/597d747fb45d3.jpg
2017-07-30 01:56:06 - Removed /var/www/html/phoe721.com/project/videojs/img/597d747fb45d3.jpg
2017-07-30 01:56:06 - Found /var/www/html/phoe721.com/project/videojs/img/597d7481310ec.jpg
2017-07-30 01:56:06 - Removed /var/www/html/phoe721.com/project/videojs/img/597d7481310ec.jpg
2017-07-30 01:56:06 - Found /var/www/html/phoe721.com/project/videojs/img/597d7482041e7.jpg
2017-07-30 01:56:06 - Removed /var/www/html/phoe721.com/project/videojs/img/597d7482041e7.jpg
2017-07-30 01:56:06 - Found /var/www/html/phoe721.com/project/videojs/img/597d748252c54.jpg
2017-07-30 01:56:06 - Removed /var/www/html/phoe721.com/project/videojs/img/597d748252c54.jpg
2017-07-30 01:56:06 - There are 0 files in /var/www/html/phoe721.com/project/videojs/img/
2017-07-30 01:56:06 - Created screenshot img/597d74f658ac0.jpg
2017-07-30 01:56:07 - Created screenshot img/597d74f6a57d7.jpg
2017-07-30 01:56:09 - Created screenshot img/597d74f773252.jpg
2017-07-30 01:56:10 - Created screenshot img/597d74f903c75.jpg
2017-07-30 01:58:19 - There are 4 files in /var/www/html/phoe721.com/project/videojs/img/
2017-07-30 01:58:19 - Found /var/www/html/phoe721.com/project/videojs/img/597d74f658ac0.jpg
2017-07-30 01:58:19 - Removed /var/www/html/phoe721.com/project/videojs/img/597d74f658ac0.jpg
2017-07-30 01:58:19 - Found /var/www/html/phoe721.com/project/videojs/img/597d74f6a57d7.jpg
2017-07-30 01:58:19 - Removed /var/www/html/phoe721.com/project/videojs/img/597d74f6a57d7.jpg
2017-07-30 01:58:19 - Found /var/www/html/phoe721.com/project/videojs/img/597d74f773252.jpg
2017-07-30 01:58:19 - Removed /var/www/html/phoe721.com/project/videojs/img/597d74f773252.jpg
2017-07-30 01:58:19 - Found /var/www/html/phoe721.com/project/videojs/img/597d74f903c75.jpg
2017-07-30 01:58:19 - Removed /var/www/html/phoe721.com/project/videojs/img/597d74f903c75.jpg
2017-07-30 01:58:19 - There are 0 files in /var/www/html/phoe721.com/project/videojs/img/
2017-07-30 01:58:20 - Created screenshot img/597d757bb255d.jpg
2017-07-30 01:58:21 - Created screenshot img/597d757cd7a31.jpg
2017-07-30 01:58:21 - Created screenshot img/597d757d54cd1.jpg
2017-07-30 01:58:22 - Created screenshot img/597d757dbdfd0.jpg
2017-07-30 02:41:49 - There are 4 files in /var/www/html/phoe721.com/project/videojs/img/
2017-07-30 02:41:49 - Found /var/www/html/phoe721.com/project/videojs/img/597d757bb255d.jpg
2017-07-30 02:41:49 - Removed /var/www/html/phoe721.com/project/videojs/img/597d757bb255d.jpg
2017-07-30 02:41:49 - Found /var/www/html/phoe721.com/project/videojs/img/597d757cd7a31.jpg
2017-07-30 02:41:49 - Removed /var/www/html/phoe721.com/project/videojs/img/597d757cd7a31.jpg
2017-07-30 02:41:49 - Found /var/www/html/phoe721.com/project/videojs/img/597d757d54cd1.jpg
2017-07-30 02:41:49 - Removed /var/www/html/phoe721.com/project/videojs/img/597d757d54cd1.jpg
2017-07-30 02:41:49 - Found /var/www/html/phoe721.com/project/videojs/img/597d757dbdfd0.jpg
2017-07-30 02:41:49 - Removed /var/www/html/phoe721.com/project/videojs/img/597d757dbdfd0.jpg
2017-07-30 02:41:49 - There are 0 files in /var/www/html/phoe721.com/project/videojs/img/
2017-07-30 02:41:50 - Created screenshot img/597d7fadcfefc.jpg
2017-07-30 02:41:51 - Created screenshot img/597d7faea2b7b.jpg
2017-07-30 02:41:51 - Created screenshot img/597d7faf2df14.jpg
2017-07-30 02:41:53 - Created screenshot img/597d7fafcabe1.jpg
2017-07-30 02:43:24 - There are 4 files in /var/www/html/phoe721.com/project/videojs/img/
2017-07-30 02:43:24 - Found /var/www/html/phoe721.com/project/videojs/img/597d7fadcfefc.jpg
2017-07-30 02:43:24 - Removed /var/www/html/phoe721.com/project/videojs/img/597d7fadcfefc.jpg
2017-07-30 02:43:24 - Found /var/www/html/phoe721.com/project/videojs/img/597d7faea2b7b.jpg
2017-07-30 02:43:24 - Removed /var/www/html/phoe721.com/project/videojs/img/597d7faea2b7b.jpg
2017-07-30 02:43:24 - Found /var/www/html/phoe721.com/project/videojs/img/597d7faf2df14.jpg
2017-07-30 02:43:24 - Removed /var/www/html/phoe721.com/project/videojs/img/597d7faf2df14.jpg
2017-07-30 02:43:24 - Found /var/www/html/phoe721.com/project/videojs/img/597d7fafcabe1.jpg
2017-07-30 02:43:24 - Removed /var/www/html/phoe721.com/project/videojs/img/597d7fafcabe1.jpg
2017-07-30 02:43:24 - There are 0 files in /var/www/html/phoe721.com/project/videojs/img/
2017-07-30 02:43:27 - Created screenshot img/597d800c0ce51.jpg
2017-07-30 02:43:28 - Created screenshot img/597d800f44f6b.jpg
2017-07-30 02:43:29 - Created screenshot img/597d801006400.jpg
2017-07-30 02:43:29 - Created screenshot img/597d801131058.jpg
2017-07-30 02:44:58 - There are 4 files in /var/www/html/phoe721.com/project/videojs/img/
2017-07-30 02:44:59 - Found /var/www/html/phoe721.com/project/videojs/img/597d800c0ce51.jpg
2017-07-30 02:44:59 - Removed /var/www/html/phoe721.com/project/videojs/img/597d800c0ce51.jpg
2017-07-30 02:44:59 - Found /var/www/html/phoe721.com/project/videojs/img/597d800f44f6b.jpg
2017-07-30 02:44:59 - Removed /var/www/html/phoe721.com/project/videojs/img/597d800f44f6b.jpg
2017-07-30 02:44:59 - Found /var/www/html/phoe721.com/project/videojs/img/597d801006400.jpg
2017-07-30 02:44:59 - Removed /var/www/html/phoe721.com/project/videojs/img/597d801006400.jpg
2017-07-30 02:44:59 - Found /var/www/html/phoe721.com/project/videojs/img/597d801131058.jpg
2017-07-30 02:44:59 - Removed /var/www/html/phoe721.com/project/videojs/img/597d801131058.jpg
2017-07-30 02:44:59 - There are 0 files in /var/www/html/phoe721.com/project/videojs/img/
2017-07-30 02:45:00 - Created screenshot img/597d806b04d4d.jpg
2017-07-30 02:45:01 - Created screenshot img/597d806c65e90.jpg
2017-07-30 02:45:01 - Created screenshot img/597d806d1af74.jpg
2017-07-30 02:45:03 - Created screenshot img/597d806d957bf.jpg
2017-07-30 02:45:50 - There are 4 files in /var/www/html/phoe721.com/project/videojs/img/
2017-07-30 02:45:50 - Found /var/www/html/phoe721.com/project/videojs/img/597d806b04d4d.jpg
2017-07-30 02:45:50 - Removed /var/www/html/phoe721.com/project/videojs/img/597d806b04d4d.jpg
2017-07-30 02:45:50 - Found /var/www/html/phoe721.com/project/videojs/img/597d806c65e90.jpg
2017-07-30 02:45:50 - Removed /var/www/html/phoe721.com/project/videojs/img/597d806c65e90.jpg
2017-07-30 02:45:50 - Found /var/www/html/phoe721.com/project/videojs/img/597d806d1af74.jpg
2017-07-30 02:45:50 - Removed /var/www/html/phoe721.com/project/videojs/img/597d806d1af74.jpg
2017-07-30 02:45:50 - Found /var/www/html/phoe721.com/project/videojs/img/597d806d957bf.jpg
2017-07-30 02:45:50 - Removed /var/www/html/phoe721.com/project/videojs/img/597d806d957bf.jpg
2017-07-30 02:45:50 - There are 0 files in /var/www/html/phoe721.com/project/videojs/img/
2017-07-30 02:45:50 - Created screenshot img/597d809e92909.jpg
2017-07-30 02:45:51 - Created screenshot img/597d809edf4d8.jpg
2017-07-30 02:45:52 - Created screenshot img/597d809f86e31.jpg
2017-07-30 02:45:52 - Created screenshot img/597d80a02c9aa.jpg
2017-07-30 02:46:05 - There are 4 files in /var/www/html/phoe721.com/project/videojs/img/
2017-07-30 02:46:05 - Found /var/www/html/phoe721.com/project/videojs/img/597d809e92909.jpg
2017-07-30 02:46:05 - Removed /var/www/html/phoe721.com/project/videojs/img/597d809e92909.jpg
2017-07-30 02:46:05 - Found /var/www/html/phoe721.com/project/videojs/img/597d809edf4d8.jpg
2017-07-30 02:46:05 - Removed /var/www/html/phoe721.com/project/videojs/img/597d809edf4d8.jpg
2017-07-30 02:46:05 - Found /var/www/html/phoe721.com/project/videojs/img/597d809f86e31.jpg
2017-07-30 02:46:05 - Removed /var/www/html/phoe721.com/project/videojs/img/597d809f86e31.jpg
2017-07-30 02:46:05 - Found /var/www/html/phoe721.com/project/videojs/img/597d80a02c9aa.jpg
2017-07-30 02:46:05 - Removed /var/www/html/phoe721.com/project/videojs/img/597d80a02c9aa.jpg
2017-07-30 02:46:05 - There are 0 files in /var/www/html/phoe721.com/project/videojs/img/
2017-07-30 02:46:07 - Created screenshot img/597d80ad67da0.jpg
2017-07-30 02:46:08 - Created screenshot img/597d80afdadaf.jpg
2017-07-30 02:46:10 - Created screenshot img/597d80b09cf49.jpg
2017-07-30 02:46:10 - Created screenshot img/597d80b202055.jpg
2017-07-30 02:47:06 - There are 4 files in /var/www/html/phoe721.com/project/videojs/img/
2017-07-30 02:47:06 - Found /var/www/html/phoe721.com/project/videojs/img/597d80ad67da0.jpg
2017-07-30 02:47:06 - Removed /var/www/html/phoe721.com/project/videojs/img/597d80ad67da0.jpg
2017-07-30 02:47:06 - Found /var/www/html/phoe721.com/project/videojs/img/597d80afdadaf.jpg
2017-07-30 02:47:06 - Removed /var/www/html/phoe721.com/project/videojs/img/597d80afdadaf.jpg
2017-07-30 02:47:06 - Found /var/www/html/phoe721.com/project/videojs/img/597d80b09cf49.jpg
2017-07-30 02:47:06 - Removed /var/www/html/phoe721.com/project/videojs/img/597d80b09cf49.jpg
2017-07-30 02:47:06 - Found /var/www/html/phoe721.com/project/videojs/img/597d80b202055.jpg
2017-07-30 02:47:06 - Removed /var/www/html/phoe721.com/project/videojs/img/597d80b202055.jpg
2017-07-30 02:47:06 - There are 0 files in /var/www/html/phoe721.com/project/videojs/img/
2017-07-30 02:47:07 - Created screenshot img/597d80ea36c76.jpg
2017-07-30 02:47:08 - Created screenshot img/597d80ebb3186.jpg
2017-07-30 02:47:09 - Created screenshot img/597d80eccaff9.jpg
2017-07-30 02:47:09 - Created screenshot img/597d80ed07fc5.jpg
2017-07-30 02:59:46 - There are 4 files in /var/www/html/phoe721.com/project/videojs/img/
2017-07-30 02:59:46 - Found /var/www/html/phoe721.com/project/videojs/img/597d80ea36c76.jpg
2017-07-30 02:59:46 - Removed /var/www/html/phoe721.com/project/videojs/img/597d80ea36c76.jpg
2017-07-30 02:59:46 - Found /var/www/html/phoe721.com/project/videojs/img/597d80ebb3186.jpg
2017-07-30 02:59:46 - Removed /var/www/html/phoe721.com/project/videojs/img/597d80ebb3186.jpg
2017-07-30 02:59:46 - Found /var/www/html/phoe721.com/project/videojs/img/597d80eccaff9.jpg
2017-07-30 02:59:46 - Removed /var/www/html/phoe721.com/project/videojs/img/597d80eccaff9.jpg
2017-07-30 02:59:46 - Found /var/www/html/phoe721.com/project/videojs/img/597d80ed07fc5.jpg
2017-07-30 02:59:46 - Removed /var/www/html/phoe721.com/project/videojs/img/597d80ed07fc5.jpg
2017-07-30 02:59:46 - There are 0 files in /var/www/html/phoe721.com/project/videojs/img/
2017-07-30 02:59:47 - Created screenshot img/597d83e2221bf.jpg
2017-07-30 02:59:47 - Created screenshot img/597d83e34acbf.jpg
2017-07-30 02:59:47 - Created screenshot img/597d83e39f203.jpg
2017-07-30 02:59:48 - Created screenshot img/597d83e3eb46b.jpg
2017-08-01 01:01:20 - There are 4 files in /var/www/html/phoe721.com/project/videojs/img/
2017-08-01 01:01:20 - Found /var/www/html/phoe721.com/project/videojs/img/597d83e2221bf.jpg
2017-08-01 01:01:20 - Removed /var/www/html/phoe721.com/project/videojs/img/597d83e2221bf.jpg
2017-08-01 01:01:20 - Found /var/www/html/phoe721.com/project/videojs/img/597d83e34acbf.jpg
2017-08-01 01:01:20 - Removed /var/www/html/phoe721.com/project/videojs/img/597d83e34acbf.jpg
2017-08-01 01:01:20 - Found /var/www/html/phoe721.com/project/videojs/img/597d83e39f203.jpg
2017-08-01 01:01:20 - Removed /var/www/html/phoe721.com/project/videojs/img/597d83e39f203.jpg
2017-08-01 01:01:20 - Found /var/www/html/phoe721.com/project/videojs/img/597d83e3eb46b.jpg
2017-08-01 01:01:20 - Removed /var/www/html/phoe721.com/project/videojs/img/597d83e3eb46b.jpg
2017-08-01 01:01:20 - There are 0 files in /var/www/html/phoe721.com/project/videojs/img/
2017-08-01 01:01:22 - Created screenshot img/597f6260b82b7.jpg
2017-08-01 01:01:23 - Created screenshot img/597f6262d1f45.jpg
2017-08-01 01:01:23 - Created screenshot img/597f6263183dc.jpg
2017-08-01 01:01:24 - Created screenshot img/597f6263a3514.jpg
2017-08-01 01:01:35 - There are 4 files in /var/www/html/phoe721.com/project/videojs/img/
2017-08-01 01:01:35 - Found /var/www/html/phoe721.com/project/videojs/img/597f6260b82b7.jpg
2017-08-01 01:01:35 - Removed /var/www/html/phoe721.com/project/videojs/img/597f6260b82b7.jpg
2017-08-01 01:01:35 - Found /var/www/html/phoe721.com/project/videojs/img/597f6262d1f45.jpg
2017-08-01 01:01:35 - Removed /var/www/html/phoe721.com/project/videojs/img/597f6262d1f45.jpg
2017-08-01 01:01:35 - Found /var/www/html/phoe721.com/project/videojs/img/597f6263183dc.jpg
2017-08-01 01:01:35 - Removed /var/www/html/phoe721.com/project/videojs/img/597f6263183dc.jpg
2017-08-01 01:01:35 - Found /var/www/html/phoe721.com/project/videojs/img/597f6263a3514.jpg
2017-08-01 01:01:35 - Removed /var/www/html/phoe721.com/project/videojs/img/597f6263a3514.jpg
2017-08-01 01:01:35 - There are 0 files in /var/www/html/phoe721.com/project/videojs/img/
2017-08-01 01:01:36 - Created screenshot img/597f626fe9ab3.jpg
2017-08-01 01:01:37 - Created screenshot img/597f6270930f9.jpg
2017-08-01 01:01:39 - Created screenshot img/597f62714137a.jpg
2017-08-01 01:01:40 - Created screenshot img/597f627313bd3.jpg
2017-08-01 01:01:41 - There are 4 files in /var/www/html/phoe721.com/project/videojs/img/
2017-08-01 01:01:41 - Found /var/www/html/phoe721.com/project/videojs/img/597f626fe9ab3.jpg
2017-08-01 01:01:41 - Removed /var/www/html/phoe721.com/project/videojs/img/597f626fe9ab3.jpg
2017-08-01 01:01:41 - Found /var/www/html/phoe721.com/project/videojs/img/597f6270930f9.jpg
2017-08-01 01:01:41 - Removed /var/www/html/phoe721.com/project/videojs/img/597f6270930f9.jpg
2017-08-01 01:01:41 - Found /var/www/html/phoe721.com/project/videojs/img/597f62714137a.jpg
2017-08-01 01:01:41 - Removed /var/www/html/phoe721.com/project/videojs/img/597f62714137a.jpg
2017-08-01 01:01:41 - Found /var/www/html/phoe721.com/project/videojs/img/597f627313bd3.jpg
2017-08-01 01:01:41 - Removed /var/www/html/phoe721.com/project/videojs/img/597f627313bd3.jpg
2017-08-01 01:01:41 - There are 0 files in /var/www/html/phoe721.com/project/videojs/img/
2017-08-01 01:01:42 - Created screenshot img/597f6275577ac.jpg
2017-08-01 01:01:42 - Created screenshot img/597f627636e8f.jpg
2017-08-01 01:01:43 - Created screenshot img/597f627683387.jpg
2017-08-01 01:01:43 - Created screenshot img/597f627703e81.jpg
2017-08-01 01:01:49 - There are 4 files in /var/www/html/phoe721.com/project/videojs/img/
2017-08-01 01:01:49 - Found /var/www/html/phoe721.com/project/videojs/img/597f6275577ac.jpg
2017-08-01 01:01:49 - Removed /var/www/html/phoe721.com/project/videojs/img/597f6275577ac.jpg
2017-08-01 01:01:49 - Found /var/www/html/phoe721.com/project/videojs/img/597f627636e8f.jpg
2017-08-01 01:01:49 - Removed /var/www/html/phoe721.com/project/videojs/img/597f627636e8f.jpg
2017-08-01 01:01:49 - Found /var/www/html/phoe721.com/project/videojs/img/597f627683387.jpg
2017-08-01 01:01:49 - Removed /var/www/html/phoe721.com/project/videojs/img/597f627683387.jpg
2017-08-01 01:01:49 - Found /var/www/html/phoe721.com/project/videojs/img/597f627703e81.jpg
2017-08-01 01:01:49 - Removed /var/www/html/phoe721.com/project/videojs/img/597f627703e81.jpg
2017-08-01 01:01:49 - There are 0 files in /var/www/html/phoe721.com/project/videojs/img/
2017-08-01 01:01:50 - Created screenshot img/597f627db53e4.jpg
2017-08-01 01:01:51 - Created screenshot img/597f627e6fc0f.jpg
2017-08-01 01:01:51 - Created screenshot img/597f627f2f02c.jpg
2017-08-01 01:01:52 - Created screenshot img/597f627fdaf50.jpg
2017-08-06 05:21:29 - There are 4 files in /var/www/html/phoe721.com/project/videojs/img/
2017-08-06 05:21:29 - Found /var/www/html/phoe721.com/project/videojs/img/597f627db53e4.jpg
2017-08-06 05:21:29 - Removed /var/www/html/phoe721.com/project/videojs/img/597f627db53e4.jpg
2017-08-06 05:21:29 - Found /var/www/html/phoe721.com/project/videojs/img/597f627e6fc0f.jpg
2017-08-06 05:21:29 - Removed /var/www/html/phoe721.com/project/videojs/img/597f627e6fc0f.jpg
2017-08-06 05:21:29 - Found /var/www/html/phoe721.com/project/videojs/img/597f627f2f02c.jpg
2017-08-06 05:21:29 - Removed /var/www/html/phoe721.com/project/videojs/img/597f627f2f02c.jpg
2017-08-06 05:21:29 - Found /var/www/html/phoe721.com/project/videojs/img/597f627fdaf50.jpg
2017-08-06 05:21:29 - Removed /var/www/html/phoe721.com/project/videojs/img/597f627fdaf50.jpg
2017-08-06 05:21:29 - There are 0 files in /var/www/html/phoe721.com/project/videojs/img/
2017-08-06 05:21:31 - Created screenshot img/5986df998ff53.jpg
2017-08-06 05:21:32 - Created screenshot img/5986df9bc4747.jpg
2017-08-06 05:21:32 - Created screenshot img/5986df9c73bce.jpg
2017-08-06 05:21:33 - Created screenshot img/5986df9ccd9aa.jpg
2017-08-27 11:40:40 - There are 4 files in /var/www/html/phoe721.com/project/videojs/img/
2017-08-27 11:40:40 - Found /var/www/html/phoe721.com/project/videojs/img/5986df998ff53.jpg
2017-08-27 11:40:40 - Removed /var/www/html/phoe721.com/project/videojs/img/5986df998ff53.jpg
2017-08-27 11:40:40 - Found /var/www/html/phoe721.com/project/videojs/img/5986df9bc4747.jpg
2017-08-27 11:40:40 - Removed /var/www/html/phoe721.com/project/videojs/img/5986df9bc4747.jpg
2017-08-27 11:40:40 - Found /var/www/html/phoe721.com/project/videojs/img/5986df9c73bce.jpg
2017-08-27 11:40:40 - Removed /var/www/html/phoe721.com/project/videojs/img/5986df9c73bce.jpg
2017-08-27 11:40:40 - Found /var/www/html/phoe721.com/project/videojs/img/5986df9ccd9aa.jpg
2017-08-27 11:40:40 - Removed /var/www/html/phoe721.com/project/videojs/img/5986df9ccd9aa.jpg
2017-08-27 11:40:40 - There are 0 files in /var/www/html/phoe721.com/project/videojs/img/
2017-08-27 11:40:40 - Created screenshot img/59a23f38447ad.jpg
2017-08-27 11:40:41 - Created screenshot img/59a23f38ec225.jpg
2017-08-27 11:40:43 - Created screenshot img/59a23f39e3e1d.jpg
2017-08-27 11:40:44 - Created screenshot img/59a23f3ba5bf2.jpg
2017-08-27 12:13:32 - There are 4 files in /var/www/html/phoe721.com/project/videojs/img/
2017-08-27 12:13:32 - Found /var/www/html/phoe721.com/project/videojs/img/59a23f38447ad.jpg
2017-08-27 12:13:32 - Removed /var/www/html/phoe721.com/project/videojs/img/59a23f38447ad.jpg
2017-08-27 12:13:32 - Found /var/www/html/phoe721.com/project/videojs/img/59a23f38ec225.jpg
2017-08-27 12:13:32 - Removed /var/www/html/phoe721.com/project/videojs/img/59a23f38ec225.jpg
2017-08-27 12:13:32 - Found /var/www/html/phoe721.com/project/videojs/img/59a23f39e3e1d.jpg
2017-08-27 12:13:32 - Removed /var/www/html/phoe721.com/project/videojs/img/59a23f39e3e1d.jpg
2017-08-27 12:13:32 - Found /var/www/html/phoe721.com/project/videojs/img/59a23f3ba5bf2.jpg
2017-08-27 12:13:32 - Removed /var/www/html/phoe721.com/project/videojs/img/59a23f3ba5bf2.jpg
2017-08-27 12:13:32 - There are 0 files in /var/www/html/phoe721.com/project/videojs/img/
2017-08-27 12:13:32 - Created screenshot img/59a246ec98801.jpg
2017-08-27 12:13:33 - Created screenshot img/59a246ece0125.jpg
2017-08-27 12:13:33 - Created screenshot img/59a246ed5d342.jpg
2017-08-27 12:13:33 - Created screenshot img/59a246ed9844f.jpg
2017-12-08 09:07:58 - There are 4 files in /var/www/html/phoe721.com/project/videojs/img/
2017-12-08 09:07:58 - Found /var/www/html/phoe721.com/project/videojs/img/59a246ec98801.jpg
2017-12-08 09:07:58 - Removed /var/www/html/phoe721.com/project/videojs/img/59a246ec98801.jpg
2017-12-08 09:07:58 - Found /var/www/html/phoe721.com/project/videojs/img/59a246ece0125.jpg
2017-12-08 09:07:58 - Removed /var/www/html/phoe721.com/project/videojs/img/59a246ece0125.jpg
2017-12-08 09:07:58 - Found /var/www/html/phoe721.com/project/videojs/img/59a246ed5d342.jpg
2017-12-08 09:07:58 - Removed /var/www/html/phoe721.com/project/videojs/img/59a246ed5d342.jpg
2017-12-08 09:07:58 - Found /var/www/html/phoe721.com/project/videojs/img/59a246ed9844f.jpg
2017-12-08 09:07:58 - Removed /var/www/html/phoe721.com/project/videojs/img/59a246ed9844f.jpg
2017-12-08 09:07:58 - There are 0 files in /var/www/html/phoe721.com/project/videojs/img/
2017-12-08 09:07:59 - Created screenshot img/5a2a8eae3b91d.jpg
2017-12-08 09:08:00 - Created screenshot img/5a2a8eafd6655.jpg
2017-12-08 09:08:00 - Created screenshot img/5a2a8eb02e4af.jpg
2017-12-08 09:08:00 - Created screenshot img/5a2a8eb0a6644.jpg
2017-12-08 09:08:14 - There are 4 files in /var/www/html/phoe721.com/project/videojs/img/
2017-12-08 09:08:14 - Found /var/www/html/phoe721.com/project/videojs/img/5a2a8eae3b91d.jpg
2017-12-08 09:08:14 - Removed /var/www/html/phoe721.com/project/videojs/img/5a2a8eae3b91d.jpg
2017-12-08 09:08:14 - Found /var/www/html/phoe721.com/project/videojs/img/5a2a8eafd6655.jpg
2017-12-08 09:08:14 - Removed /var/www/html/phoe721.com/project/videojs/img/5a2a8eafd6655.jpg
2017-12-08 09:08:14 - Found /var/www/html/phoe721.com/project/videojs/img/5a2a8eb02e4af.jpg
2017-12-08 09:08:14 - Removed /var/www/html/phoe721.com/project/videojs/img/5a2a8eb02e4af.jpg
2017-12-08 09:08:14 - Found /var/www/html/phoe721.com/project/videojs/img/5a2a8eb0a6644.jpg
2017-12-08 09:08:14 - Removed /var/www/html/phoe721.com/project/videojs/img/5a2a8eb0a6644.jpg
2017-12-08 09:08:14 - There are 0 files in /var/www/html/phoe721.com/project/videojs/img/
2017-12-08 09:08:14 - Created screenshot img/5a2a8ebe6c834.jpg
2017-12-08 09:08:14 - Created screenshot img/5a2a8ebeccaeb.jpg
2017-12-08 09:08:15 - Created screenshot img/5a2a8ebeec0ea.jpg
2017-12-08 09:08:15 - Created screenshot img/5a2a8ebf500c9.jpg
2017-12-08 09:39:25 - There are 4 files in /var/www/html/phoe721.com/project/videojs/img/
2017-12-08 09:39:25 - Found /var/www/html/phoe721.com/project/videojs/img/5a2a8ebe6c834.jpg
2017-12-08 09:39:25 - Removed /var/www/html/phoe721.com/project/videojs/img/5a2a8ebe6c834.jpg
2017-12-08 09:39:25 - Found /var/www/html/phoe721.com/project/videojs/img/5a2a8ebeccaeb.jpg
2017-12-08 09:39:25 - Removed /var/www/html/phoe721.com/project/videojs/img/5a2a8ebeccaeb.jpg
2017-12-08 09:39:25 - Found /var/www/html/phoe721.com/project/videojs/img/5a2a8ebeec0ea.jpg
2017-12-08 09:39:25 - Removed /var/www/html/phoe721.com/project/videojs/img/5a2a8ebeec0ea.jpg
2017-12-08 09:39:25 - Found /var/www/html/phoe721.com/project/videojs/img/5a2a8ebf500c9.jpg
2017-12-08 09:39:25 - Removed /var/www/html/phoe721.com/project/videojs/img/5a2a8ebf500c9.jpg
2017-12-08 09:39:25 - There are 0 files in /var/www/html/phoe721.com/project/videojs/img/
2017-12-08 09:39:25 - Failed to create screenshot img/5a2a960dc7e9a.jpg
2017-12-08 09:39:25 - Failed to create screenshot img/5a2a960dd4eb3.jpg
2017-12-08 09:39:25 - Failed to create screenshot img/5a2a960de1ce3.jpg
2017-12-08 09:39:26 - Failed to create screenshot img/5a2a960dee5f7.jpg
2017-12-08 09:39:49 - There are 0 files in /var/www/html/phoe721.com/project/videojs/img/
2017-12-08 09:39:49 - There are 0 files in /var/www/html/phoe721.com/project/videojs/img/
2017-12-08 09:39:49 - Failed to create screenshot img/5a2a9625d5dd2.jpg
2017-12-08 09:39:49 - Failed to create screenshot img/5a2a9625e103b.jpg
2017-12-08 09:39:50 - Failed to create screenshot img/5a2a9625ed262.jpg
2017-12-08 09:39:50 - Failed to create screenshot img/5a2a962606096.jpg
2017-12-08 09:40:04 - There are 0 files in /var/www/html/phoe721.com/project/videojs/img/
2017-12-08 09:40:04 - There are 0 files in /var/www/html/phoe721.com/project/videojs/img/
2017-12-08 09:40:04 - Failed to create screenshot img/5a2a96346b9ee.jpg
2017-12-08 09:40:04 - Failed to create screenshot img/5a2a9634791f2.jpg
2017-12-08 09:40:04 - Failed to create screenshot img/5a2a9634862a5.jpg
2017-12-08 09:40:04 - Failed to create screenshot img/5a2a96349290d.jpg
2017-12-08 09:49:34 - debug: /var/www/html/phoe721.com/project/videojs/videos/Miss Sloane.mp4
2017-12-08 09:49:34 - There are 0 files in /var/www/html/phoe721.com/project/videojs/img/
2017-12-08 09:49:34 - There are 0 files in /var/www/html/phoe721.com/project/videojs/img/
2017-12-08 09:49:34 - Failed to create screenshot img/5a2a986edad94.jpg
2017-12-08 09:49:34 - Failed to create screenshot img/5a2a986ee5c47.jpg
2017-12-08 09:49:35 - Failed to create screenshot img/5a2a986eef954.jpg
2017-12-08 09:49:35 - Failed to create screenshot img/5a2a986f052ef.jpg
2017-12-08 09:53:19 - debug: /var/www/html/phoe721.com/project/videojs/videos/Miss\ Sloane.mp4
2017-12-08 09:53:19 - There are 0 files in /var/www/html/phoe721.com/project/videojs/img/
2017-12-08 09:53:19 - There are 0 files in /var/www/html/phoe721.com/project/videojs/img/
2017-12-08 09:53:19 - Created screenshot img/5a2a994f7d199.jpg
2017-12-08 09:53:20 - Created screenshot img/5a2a994fbde30.jpg
2017-12-08 09:53:21 - Created screenshot img/5a2a9950af966.jpg
2017-12-08 09:53:21 - Created screenshot img/5a2a99514cb30.jpg
2017-12-08 09:53:31 - debug: /var/www/html/phoe721.com/project/videojs/videos/Avengers\ Age\ of\ Ultron.mkv
2017-12-08 09:53:31 - There are 4 files in /var/www/html/phoe721.com/project/videojs/img/
2017-12-08 09:53:31 - Found /var/www/html/phoe721.com/project/videojs/img/5a2a994f7d199.jpg
2017-12-08 09:53:31 - Removed /var/www/html/phoe721.com/project/videojs/img/5a2a994f7d199.jpg
2017-12-08 09:53:31 - Found /var/www/html/phoe721.com/project/videojs/img/5a2a994fbde30.jpg
2017-12-08 09:53:31 - Removed /var/www/html/phoe721.com/project/videojs/img/5a2a994fbde30.jpg
2017-12-08 09:53:31 - Found /var/www/html/phoe721.com/project/videojs/img/5a2a9950af966.jpg
2017-12-08 09:53:31 - Removed /var/www/html/phoe721.com/project/videojs/img/5a2a9950af966.jpg
2017-12-08 09:53:31 - Found /var/www/html/phoe721.com/project/videojs/img/5a2a99514cb30.jpg
2017-12-08 09:53:31 - Removed /var/www/html/phoe721.com/project/videojs/img/5a2a99514cb30.jpg
2017-12-08 09:53:31 - There are 0 files in /var/www/html/phoe721.com/project/videojs/img/
2017-12-08 09:53:31 - Created screenshot img/5a2a995b76968.jpg
2017-12-08 09:53:32 - Created screenshot img/5a2a995bde51e.jpg
2017-12-08 09:53:33 - Created screenshot img/5a2a995cf09b6.jpg
2017-12-08 09:53:33 - Created screenshot img/5a2a995d9954c.jpg
2017-12-08 09:53:37 - debug: /var/www/html/phoe721.com/project/videojs/videos/Fantastic\ Beasts\ and\ Where\ to\ Find\ Them.mkv
2017-12-08 09:53:37 - There are 4 files in /var/www/html/phoe721.com/project/videojs/img/
2017-12-08 09:53:37 - Found /var/www/html/phoe721.com/project/videojs/img/5a2a995b76968.jpg
2017-12-08 09:53:37 - Removed /var/www/html/phoe721.com/project/videojs/img/5a2a995b76968.jpg
2017-12-08 09:53:37 - Found /var/www/html/phoe721.com/project/videojs/img/5a2a995bde51e.jpg
2017-12-08 09:53:37 - Removed /var/www/html/phoe721.com/project/videojs/img/5a2a995bde51e.jpg
2017-12-08 09:53:37 - Found /var/www/html/phoe721.com/project/videojs/img/5a2a995cf09b6.jpg
2017-12-08 09:53:37 - Removed /var/www/html/phoe721.com/project/videojs/img/5a2a995cf09b6.jpg
2017-12-08 09:53:37 - Found /var/www/html/phoe721.com/project/videojs/img/5a2a995d9954c.jpg
2017-12-08 09:53:37 - Removed /var/www/html/phoe721.com/project/videojs/img/5a2a995d9954c.jpg
2017-12-08 09:53:37 - There are 0 files in /var/www/html/phoe721.com/project/videojs/img/
2017-12-08 09:53:38 - Created screenshot img/5a2a996135880.jpg
2017-12-08 09:53:38 - Created screenshot img/5a2a99624bd80.jpg
2017-12-08 09:53:39 - Created screenshot img/5a2a9962b0b23.jpg
2017-12-08 09:53:39 - Created screenshot img/5a2a9963073ff.jpg
2017-12-08 10:01:32 - debug: /var/www/html/phoe721.com/project/videojs/videos/Miss\ Sloane.mp4
2017-12-08 10:01:32 - There are 0 files in /var/www/html/phoe721.com/project/videojs/img/
2017-12-08 10:01:32 - There are 0 files in /var/www/html/phoe721.com/project/videojs/img/
2017-12-08 10:01:33 - Failed to create screenshot img/5a2a9b3cf2089.jpg
2017-12-08 10:01:33 - Failed to create screenshot img/5a2a9b3d8a1fe.jpg
2017-12-08 10:01:34 - Failed to create screenshot img/5a2a9b3deede4.jpg
2017-12-08 10:01:35 - Failed to create screenshot img/5a2a9b3e6c341.jpg
2017-12-08 10:02:23 - debug: /var/www/html/phoe721.com/project/videojs/videos/Miss\ Sloane.mp4
2017-12-08 10:02:23 - There are 0 files in /var/www/html/phoe721.com/project/videojs/img/
2017-12-08 10:02:23 - There are 0 files in /var/www/html/phoe721.com/project/videojs/img/
2017-12-08 10:02:24 - Created screenshot img/5a2a9b6fc5537.jpg
2017-12-08 10:02:24 - Created screenshot img/5a2a9b70402b5.jpg
2017-12-08 10:02:25 - Created screenshot img/5a2a9b7086058.jpg
2017-12-08 10:02:25 - Created screenshot img/5a2a9b712498e.jpg
2017-12-08 10:02:28 - debug: /var/www/html/phoe721.com/project/videojs/videos/Doctor\ Strange.mkv
2017-12-08 10:02:28 - There are 4 files in /var/www/html/phoe721.com/project/videojs/img/
2017-12-08 10:02:28 - Found /var/www/html/phoe721.com/project/videojs/img/5a2a9b6fc5537.jpg
2017-12-08 10:02:28 - Removed /var/www/html/phoe721.com/project/videojs/img/5a2a9b6fc5537.jpg
2017-12-08 10:02:28 - Found /var/www/html/phoe721.com/project/videojs/img/5a2a9b70402b5.jpg
2017-12-08 10:02:28 - Removed /var/www/html/phoe721.com/project/videojs/img/5a2a9b70402b5.jpg
2017-12-08 10:02:28 - Found /var/www/html/phoe721.com/project/videojs/img/5a2a9b7086058.jpg
2017-12-08 10:02:28 - Removed /var/www/html/phoe721.com/project/videojs/img/5a2a9b7086058.jpg
2017-12-08 10:02:28 - Found /var/www/html/phoe721.com/project/videojs/img/5a2a9b712498e.jpg
2017-12-08 10:02:28 - Removed /var/www/html/phoe721.com/project/videojs/img/5a2a9b712498e.jpg
2017-12-08 10:02:28 - There are 0 files in /var/www/html/phoe721.com/project/videojs/img/
2017-12-08 10:02:29 - Created screenshot img/5a2a9b7410641.jpg
2017-12-08 10:02:29 - Created screenshot img/5a2a9b753cc0a.jpg
2017-12-08 10:02:30 - Created screenshot img/5a2a9b75804d7.jpg
2017-12-08 10:02:31 - Created screenshot img/5a2a9b766b40c.jpg
2017-12-08 10:15:23 - debug: /var/www/html/phoe721.com/project/videojs/videos/Miss\ Sloane.mp4
2017-12-08 10:15:23 - There are 4 files in /var/www/html/phoe721.com/project/videojs/img/
2017-12-08 10:15:23 - Found /var/www/html/phoe721.com/project/videojs/img/5a2a9b7410641.jpg
2017-12-08 10:15:23 - Removed /var/www/html/phoe721.com/project/videojs/img/5a2a9b7410641.jpg
2017-12-08 10:15:23 - Found /var/www/html/phoe721.com/project/videojs/img/5a2a9b753cc0a.jpg
2017-12-08 10:15:23 - Removed /var/www/html/phoe721.com/project/videojs/img/5a2a9b753cc0a.jpg
2017-12-08 10:15:23 - Found /var/www/html/phoe721.com/project/videojs/img/5a2a9b75804d7.jpg
2017-12-08 10:15:23 - Removed /var/www/html/phoe721.com/project/videojs/img/5a2a9b75804d7.jpg
2017-12-08 10:15:23 - Found /var/www/html/phoe721.com/project/videojs/img/5a2a9b766b40c.jpg
2017-12-08 10:15:23 - Removed /var/www/html/phoe721.com/project/videojs/img/5a2a9b766b40c.jpg
2017-12-08 10:15:23 - There are 0 files in /var/www/html/phoe721.com/project/videojs/img/
2017-12-08 10:15:23 - Created screenshot img/5a2a9e7b06aca.jpg
2017-12-08 10:15:23 - Created screenshot img/5a2a9e7b64fb9.jpg
2017-12-08 10:15:24 - Created screenshot img/5a2a9e7ba5c86.jpg
2017-12-08 10:15:25 - Created screenshot img/5a2a9e7cd1284.jpg
2017-12-10 08:51:46 - debug: /var/www/html/phoe721.com/project/videojs/videos/Captain\ America\ Civil\ War.mkv
2017-12-10 08:51:46 - There are 4 files in /var/www/html/phoe721.com/project/videojs/img/
2017-12-10 08:51:46 - Found /var/www/html/phoe721.com/project/videojs/img/5a2a9e7b06aca.jpg
2017-12-10 08:51:46 - Removed /var/www/html/phoe721.com/project/videojs/img/5a2a9e7b06aca.jpg
2017-12-10 08:51:46 - Found /var/www/html/phoe721.com/project/videojs/img/5a2a9e7b64fb9.jpg
2017-12-10 08:51:46 - Removed /var/www/html/phoe721.com/project/videojs/img/5a2a9e7b64fb9.jpg
2017-12-10 08:51:46 - Found /var/www/html/phoe721.com/project/videojs/img/5a2a9e7ba5c86.jpg
2017-12-10 08:51:46 - Removed /var/www/html/phoe721.com/project/videojs/img/5a2a9e7ba5c86.jpg
2017-12-10 08:51:46 - Found /var/www/html/phoe721.com/project/videojs/img/5a2a9e7cd1284.jpg
2017-12-10 08:51:46 - Removed /var/www/html/phoe721.com/project/videojs/img/5a2a9e7cd1284.jpg
2017-12-10 08:51:46 - There are 0 files in /var/www/html/phoe721.com/project/videojs/img/
2017-12-10 08:51:49 - Created screenshot img/5a2d2de2ad7c4.jpg
2017-12-10 08:51:50 - Created screenshot img/5a2d2de56e598.jpg
2017-12-10 08:51:52 - Created screenshot img/5a2d2de692278.jpg
2017-12-10 08:51:52 - Created screenshot img/5a2d2de865794.jpg
2017-12-10 10:18:55 - debug: /var/www/html/phoe721.com/project/videojs/videos/Miss\ Sloane.mp4
2017-12-10 10:18:55 - There are 4 files in /var/www/html/phoe721.com/project/videojs/img/
2017-12-10 10:18:55 - Found /var/www/html/phoe721.com/project/videojs/img/5a2d2de2ad7c4.jpg
2017-12-10 10:18:55 - Removed /var/www/html/phoe721.com/project/videojs/img/5a2d2de2ad7c4.jpg
2017-12-10 10:18:55 - Found /var/www/html/phoe721.com/project/videojs/img/5a2d2de56e598.jpg
2017-12-10 10:18:55 - Removed /var/www/html/phoe721.com/project/videojs/img/5a2d2de56e598.jpg
2017-12-10 10:18:55 - Found /var/www/html/phoe721.com/project/videojs/img/5a2d2de692278.jpg
2017-12-10 10:18:55 - Removed /var/www/html/phoe721.com/project/videojs/img/5a2d2de692278.jpg
2017-12-10 10:18:55 - Found /var/www/html/phoe721.com/project/videojs/img/5a2d2de865794.jpg
2017-12-10 10:18:55 - Removed /var/www/html/phoe721.com/project/videojs/img/5a2d2de865794.jpg
2017-12-10 10:18:55 - There are 0 files in /var/www/html/phoe721.com/project/videojs/img/
2017-12-10 10:18:57 - Created screenshot img/5a2d424fbc793.jpg
2017-12-10 10:18:58 - Created screenshot img/5a2d42516c8c1.jpg
2017-12-10 10:18:58 - Created screenshot img/5a2d425211bb3.jpg
2017-12-10 10:18:59 - Created screenshot img/5a2d42525b688.jpg
2017-12-13 08:10:45 - debug: /var/www/html/phoe721.com/project/videojs/videos/Captain\ America\ Civil\ War.mkv
2017-12-13 08:10:45 - There are 4 files in /var/www/html/phoe721.com/project/videojs/img/
2017-12-13 08:10:45 - Found /var/www/html/phoe721.com/project/videojs/img/5a2d424fbc793.jpg
2017-12-13 08:10:45 - Removed /var/www/html/phoe721.com/project/videojs/img/5a2d424fbc793.jpg
2017-12-13 08:10:45 - Found /var/www/html/phoe721.com/project/videojs/img/5a2d42516c8c1.jpg
2017-12-13 08:10:45 - Removed /var/www/html/phoe721.com/project/videojs/img/5a2d42516c8c1.jpg
2017-12-13 08:10:45 - Found /var/www/html/phoe721.com/project/videojs/img/5a2d425211bb3.jpg
2017-12-13 08:10:45 - Removed /var/www/html/phoe721.com/project/videojs/img/5a2d425211bb3.jpg
2017-12-13 08:10:45 - Found /var/www/html/phoe721.com/project/videojs/img/5a2d42525b688.jpg
2017-12-13 08:10:45 - Removed /var/www/html/phoe721.com/project/videojs/img/5a2d42525b688.jpg
2017-12-13 08:10:45 - There are 0 files in /var/www/html/phoe721.com/project/videojs/img/
2017-12-13 08:10:47 - Created screenshot img/5a3118c5d4f33.jpg
2017-12-13 08:10:49 - Created screenshot img/5a3118c806591.jpg
2017-12-13 08:10:50 - Created screenshot img/5a3118c9be240.jpg
2017-12-13 08:10:51 - Created screenshot img/5a3118cad8c05.jpg
2017-12-21 03:28:31 - debug: /var/www/html/phoe721.com/project/videojs/videos/Wonder\ Woman.mkv
2017-12-21 03:28:31 - There are 4 files in /var/www/html/phoe721.com/project/videojs/img/
2017-12-21 03:28:31 - Found /var/www/html/phoe721.com/project/videojs/img/5a3118c5d4f33.jpg
2017-12-21 03:28:31 - Removed /var/www/html/phoe721.com/project/videojs/img/5a3118c5d4f33.jpg
2017-12-21 03:28:31 - Found /var/www/html/phoe721.com/project/videojs/img/5a3118c806591.jpg
2017-12-21 03:28:31 - Removed /var/www/html/phoe721.com/project/videojs/img/5a3118c806591.jpg
2017-12-21 03:28:31 - Found /var/www/html/phoe721.com/project/videojs/img/5a3118c9be240.jpg
2017-12-21 03:28:31 - Removed /var/www/html/phoe721.com/project/videojs/img/5a3118c9be240.jpg
2017-12-21 03:28:31 - Found /var/www/html/phoe721.com/project/videojs/img/5a3118cad8c05.jpg
2017-12-21 03:28:31 - Removed /var/www/html/phoe721.com/project/videojs/img/5a3118cad8c05.jpg
2017-12-21 03:28:31 - There are 0 files in /var/www/html/phoe721.com/project/videojs/img/
2017-12-21 03:28:33 - Created screenshot img/5a3b629f93939.jpg
2017-12-21 03:28:33 - Created screenshot img/5a3b62a12c69d.jpg
2017-12-21 03:28:33 - Created screenshot img/5a3b62a17c37e.jpg
2017-12-21 03:28:34 - Created screenshot img/5a3b62a1cb0a2.jpg
2017-12-21 03:28:44 - debug: /var/www/html/phoe721.com/project/videojs/videos/Spider-Man\ Homecoming.mkv
2017-12-21 03:28:44 - There are 4 files in /var/www/html/phoe721.com/project/videojs/img/
2017-12-21 03:28:44 - Found /var/www/html/phoe721.com/project/videojs/img/5a3b629f93939.jpg
2017-12-21 03:28:44 - Removed /var/www/html/phoe721.com/project/videojs/img/5a3b629f93939.jpg
2017-12-21 03:28:44 - Found /var/www/html/phoe721.com/project/videojs/img/5a3b62a12c69d.jpg
2017-12-21 03:28:44 - Removed /var/www/html/phoe721.com/project/videojs/img/5a3b62a12c69d.jpg
2017-12-21 03:28:44 - Found /var/www/html/phoe721.com/project/videojs/img/5a3b62a17c37e.jpg
2017-12-21 03:28:44 - Removed /var/www/html/phoe721.com/project/videojs/img/5a3b62a17c37e.jpg
2017-12-21 03:28:44 - Found /var/www/html/phoe721.com/project/videojs/img/5a3b62a1cb0a2.jpg
2017-12-21 03:28:44 - Removed /var/www/html/phoe721.com/project/videojs/img/5a3b62a1cb0a2.jpg
2017-12-21 03:28:44 - There are 0 files in /var/www/html/phoe721.com/project/videojs/img/
2017-12-21 03:28:45 - Created screenshot img/5a3b62aca1816.jpg
2017-12-21 03:28:46 - Created screenshot img/5a3b62ad18aaa.jpg
2017-12-21 03:28:47 - Created screenshot img/5a3b62ae3f8bc.jpg
2017-12-21 03:28:48 - Created screenshot img/5a3b62af3e376.jpg
2017-12-21 03:28:58 - debug: /var/www/html/phoe721.com/project/videojs/videos/Guardians\ of\ the\ Galaxy\ Vol.2.mkv
2017-12-21 03:28:58 - There are 4 files in /var/www/html/phoe721.com/project/videojs/img/
2017-12-21 03:28:58 - Found /var/www/html/phoe721.com/project/videojs/img/5a3b62aca1816.jpg
2017-12-21 03:28:58 - Removed /var/www/html/phoe721.com/project/videojs/img/5a3b62aca1816.jpg
2017-12-21 03:28:58 - Found /var/www/html/phoe721.com/project/videojs/img/5a3b62ad18aaa.jpg
2017-12-21 03:28:58 - Removed /var/www/html/phoe721.com/project/videojs/img/5a3b62ad18aaa.jpg
2017-12-21 03:28:58 - Found /var/www/html/phoe721.com/project/videojs/img/5a3b62ae3f8bc.jpg
2017-12-21 03:28:58 - Removed /var/www/html/phoe721.com/project/videojs/img/5a3b62ae3f8bc.jpg
2017-12-21 03:28:58 - Found /var/www/html/phoe721.com/project/videojs/img/5a3b62af3e376.jpg
2017-12-21 03:28:58 - Removed /var/www/html/phoe721.com/project/videojs/img/5a3b62af3e376.jpg
2017-12-21 03:28:58 - There are 0 files in /var/www/html/phoe721.com/project/videojs/img/
2017-12-21 03:28:59 - Created screenshot img/5a3b62bab2959.jpg
2017-12-21 03:29:00 - Created screenshot img/5a3b62bb31756.jpg
2017-12-21 03:29:00 - Created screenshot img/5a3b62bc0d41d.jpg
2017-12-21 03:29:01 - Created screenshot img/5a3b62bcae071.jpg
2017-12-21 09:27:27 - debug: /var/www/html/phoe721.com/project/videojs/videos/Miss\ Sloane.mp4
2017-12-21 09:27:27 - There are 4 files in /var/www/html/phoe721.com/project/videojs/img/
2017-12-21 09:27:27 - Found /var/www/html/phoe721.com/project/videojs/img/5a3b62bab2959.jpg
2017-12-21 09:27:27 - Removed /var/www/html/phoe721.com/project/videojs/img/5a3b62bab2959.jpg
2017-12-21 09:27:27 - Found /var/www/html/phoe721.com/project/videojs/img/5a3b62bb31756.jpg
2017-12-21 09:27:27 - Removed /var/www/html/phoe721.com/project/videojs/img/5a3b62bb31756.jpg
2017-12-21 09:27:27 - Found /var/www/html/phoe721.com/project/videojs/img/5a3b62bc0d41d.jpg
2017-12-21 09:27:27 - Removed /var/www/html/phoe721.com/project/videojs/img/5a3b62bc0d41d.jpg
2017-12-21 09:27:27 - Found /var/www/html/phoe721.com/project/videojs/img/5a3b62bcae071.jpg
2017-12-21 09:27:27 - Removed /var/www/html/phoe721.com/project/videojs/img/5a3b62bcae071.jpg
2017-12-21 09:27:27 - There are 0 files in /var/www/html/phoe721.com/project/videojs/img/
2017-12-21 09:27:27 - Created screenshot img/5a3bb6bf581e9.jpg
2017-12-21 09:27:28 - Created screenshot img/5a3bb6bfbf5d1.jpg
2017-12-21 09:27:29 - Created screenshot img/5a3bb6c03a3a4.jpg
2017-12-21 09:27:29 - Created screenshot img/5a3bb6c14cedc.jpg
2017-12-21 09:28:10 - debug: /var/www/html/phoe721.com/project/videojs/videos/Avengers\ Age\ of\ Ultron.mkv
2017-12-21 09:28:10 - There are 4 files in /var/www/html/phoe721.com/project/videojs/img/
2017-12-21 09:28:10 - Found /var/www/html/phoe721.com/project/videojs/img/5a3bb6bf581e9.jpg
2017-12-21 09:28:10 - Removed /var/www/html/phoe721.com/project/videojs/img/5a3bb6bf581e9.jpg
2017-12-21 09:28:10 - Found /var/www/html/phoe721.com/project/videojs/img/5a3bb6bfbf5d1.jpg
2017-12-21 09:28:10 - Removed /var/www/html/phoe721.com/project/videojs/img/5a3bb6bfbf5d1.jpg
2017-12-21 09:28:10 - Found /var/www/html/phoe721.com/project/videojs/img/5a3bb6c03a3a4.jpg
2017-12-21 09:28:10 - Removed /var/www/html/phoe721.com/project/videojs/img/5a3bb6c03a3a4.jpg
2017-12-21 09:28:10 - Found /var/www/html/phoe721.com/project/videojs/img/5a3bb6c14cedc.jpg
2017-12-21 09:28:10 - Removed /var/www/html/phoe721.com/project/videojs/img/5a3bb6c14cedc.jpg
2017-12-21 09:28:10 - There are 0 files in /var/www/html/phoe721.com/project/videojs/img/
2017-12-21 09:28:11 - Created screenshot img/5a3bb6ea570b5.jpg
2017-12-21 09:28:13 - Created screenshot img/5a3bb6ebcc334.jpg
2017-12-21 09:28:14 - Created screenshot img/5a3bb6ed3e432.jpg
2017-12-21 09:28:14 - Created screenshot img/5a3bb6ee841bc.jpg
2017-12-21 09:28:27 - debug: /var/www/html/phoe721.com/project/videojs/videos/Miss\ Sloane.mp4
2017-12-21 09:28:27 - There are 4 files in /var/www/html/phoe721.com/project/videojs/img/
2017-12-21 09:28:27 - Found /var/www/html/phoe721.com/project/videojs/img/5a3bb6ea570b5.jpg
2017-12-21 09:28:27 - Removed /var/www/html/phoe721.com/project/videojs/img/5a3bb6ea570b5.jpg
2017-12-21 09:28:27 - Found /var/www/html/phoe721.com/project/videojs/img/5a3bb6ebcc334.jpg
2017-12-21 09:28:27 - Removed /var/www/html/phoe721.com/project/videojs/img/5a3bb6ebcc334.jpg
2017-12-21 09:28:27 - Found /var/www/html/phoe721.com/project/videojs/img/5a3bb6ed3e432.jpg
2017-12-21 09:28:27 - Removed /var/www/html/phoe721.com/project/videojs/img/5a3bb6ed3e432.jpg
2017-12-21 09:28:27 - Found /var/www/html/phoe721.com/project/videojs/img/5a3bb6ee841bc.jpg
2017-12-21 09:28:27 - Removed /var/www/html/phoe721.com/project/videojs/img/5a3bb6ee841bc.jpg
2017-12-21 09:28:27 - There are 0 files in /var/www/html/phoe721.com/project/videojs/img/
2017-12-21 09:28:27 - Created screenshot img/5a3bb6fb248e9.jpg
2017-12-21 09:28:28 - Created screenshot img/5a3bb6fb6f922.jpg
2017-12-21 09:28:28 - Created screenshot img/5a3bb6fc123cd.jpg
2017-12-21 09:28:29 - Created screenshot img/5a3bb6fc9e7c4.jpg
2017-12-21 09:28:49 - debug: /var/www/html/phoe721.com/project/videojs/videos/Wonder\ Woman.mkv
2017-12-21 09:28:49 - There are 4 files in /var/www/html/phoe721.com/project/videojs/img/
2017-12-21 09:28:49 - Found /var/www/html/phoe721.com/project/videojs/img/5a3bb6fb248e9.jpg
2017-12-21 09:28:49 - Removed /var/www/html/phoe721.com/project/videojs/img/5a3bb6fb248e9.jpg
2017-12-21 09:28:49 - Found /var/www/html/phoe721.com/project/videojs/img/5a3bb6fb6f922.jpg
2017-12-21 09:28:49 - Removed /var/www/html/phoe721.com/project/videojs/img/5a3bb6fb6f922.jpg
2017-12-21 09:28:49 - Found /var/www/html/phoe721.com/project/videojs/img/5a3bb6fc123cd.jpg
2017-12-21 09:28:49 - Removed /var/www/html/phoe721.com/project/videojs/img/5a3bb6fc123cd.jpg
2017-12-21 09:28:49 - Found /var/www/html/phoe721.com/project/videojs/img/5a3bb6fc9e7c4.jpg
2017-12-21 09:28:49 - Removed /var/www/html/phoe721.com/project/videojs/img/5a3bb6fc9e7c4.jpg
2017-12-21 09:28:49 - There are 0 files in /var/www/html/phoe721.com/project/videojs/img/
2017-12-21 09:28:49 - Created screenshot img/5a3bb7118f921.jpg
2017-12-21 09:28:50 - Created screenshot img/5a3bb711e82ec.jpg
2017-12-21 09:28:50 - Created screenshot img/5a3bb7122dab1.jpg
2017-12-21 09:28:51 - Created screenshot img/5a3bb7129f161.jpg
